2015-07-17 22:24:54.250  INFO 1182 --- [main] c.b.voyager.SeedStarterServiceImplTest   : Starting SeedStarterServiceImplTest on hasel.local with PID 1182 (/Users/heiner/git/voyager/bin started by heiner in /Users/heiner/git/voyager)
2015-07-17 22:24:54.251 DEBUG 1182 --- [main] c.b.voyager.SeedStarterServiceImplTest   : Running with Spring Boot v1.2.5.RELEASE, Spring v4.1.7.RELEASE
2015-07-17 22:24:54.319  INFO 1182 --- [main] s.c.a.AnnotationConfigApplicationContext : Refreshing org.springframework.context.annotation.AnnotationConfigApplicationContext@2f7c2f4f: startup date [Fri Jul 17 22:24:54 CEST 2015]; root of context hierarchy
2015-07-17 22:24:57.840  INFO 1182 --- [main] j.LocalContainerEntityManagerFactoryBean : Building JPA container EntityManagerFactory for persistence unit 'default'
2015-07-17 22:24:57.876  INFO 1182 --- [main] o.hibernate.jpa.internal.util.LogHelper  : HHH000204: Processing PersistenceUnitInfo [
	name: default
	...]
2015-07-17 22:24:58.024  INFO 1182 --- [main] org.hibernate.Version                    : HHH000412: Hibernate Core {4.3.10.Final}
2015-07-17 22:24:58.027  INFO 1182 --- [main] org.hibernate.cfg.Environment            : HHH000206: hibernate.properties not found
2015-07-17 22:24:58.030  INFO 1182 --- [main] org.hibernate.cfg.Environment            : HHH000021: Bytecode provider name : javassist
2015-07-17 22:24:58.412  INFO 1182 --- [main] o.hibernate.annotations.common.Version   : HCANN000001: Hibernate Commons Annotations {4.0.5.Final}
2015-07-17 22:24:58.582  INFO 1182 --- [main] org.hibernate.dialect.Dialect            : HHH000400: Using dialect: org.hibernate.dialect.H2Dialect
2015-07-17 22:24:58.888  INFO 1182 --- [main] o.h.h.i.ast.ASTQueryTranslatorFactory    : HHH000397: Using ASTQueryTranslatorFactory
2015-07-17 22:24:59.613  INFO 1182 --- [main] org.hibernate.tool.hbm2ddl.SchemaExport  : HHH000227: Running hbm2ddl schema export
2015-07-17 22:24:59.663  INFO 1182 --- [main] org.hibernate.tool.hbm2ddl.SchemaExport  : HHH000230: Schema export complete
2015-07-17 22:25:02.224  INFO 1182 --- [main] c.b.voyager.SeedStarterServiceImplTest   : Started SeedStarterServiceImplTest in 8.371 seconds (JVM running for 9.933)
2015-07-17 22:25:02.239 DEBUG 1182 --- [main] c.bilch.voyager.SeedStarterServiceImpl   : Save: SeedStarter [name=Testsaat, datePlanted=Fri Jul 17 22:25:02 CEST 2015, covered=true, type=WOOD]
2015-07-17 22:25:02.432 DEBUG 1182 --- [main] c.bilch.voyager.SeedStarterServiceImpl   : Save: SeedStarter [name=Testsaat, datePlanted=Fri Jul 17 22:25:02 CEST 2015, covered=true, type=WOOD]
2015-07-17 22:25:02.459 DEBUG 1182 --- [main] c.bilch.voyager.SeedStarterServiceImpl   : Save: SeedStarter [name=Testsaat, datePlanted=Fri Jul 17 22:25:02 CEST 2015, covered=true, type=WOOD]
2015-07-17 22:25:02.473 DEBUG 1182 --- [main] c.bilch.voyager.SeedStarterServiceImpl   : Save: SeedStarter [name=Testsaat, datePlanted=Fri Jul 17 22:25:02 CEST 2015, covered=true, type=WOOD]
2015-07-17 22:25:02.482 DEBUG 1182 --- [main] c.bilch.voyager.SeedStarterServiceImpl   : Find all SeedStarter
2015-07-17 22:25:02.817  INFO 1182 --- [main] com.bilch.voyager.VarietyServiceImpl     : Save: Variety [name=Testus testus]
2015-07-17 22:25:02.831  INFO 1182 --- [main] com.bilch.voyager.VarietyServiceImpl     : Save: Variety [name=Testus testus]
2015-07-17 22:25:02.834  INFO 1182 --- [main] com.bilch.voyager.VarietyServiceImpl     : Save: Variety [name=Fungus]
2015-07-17 22:25:02.838  INFO 1182 --- [main] com.bilch.voyager.VarietyServiceImpl     : Save: Variety [name=Testus testus]
2015-07-17 22:25:02.862  INFO 1182 --- [Thread-1] s.c.a.AnnotationConfigApplicationContext : Closing org.springframework.context.annotation.AnnotationConfigApplicationContext@2f7c2f4f: startup date [Fri Jul 17 22:24:54 CEST 2015]; root of context hierarchy
2015-07-17 22:25:02.871  INFO 1182 --- [Thread-1] j.LocalContainerEntityManagerFactoryBean : Closing JPA EntityManagerFactory for persistence unit 'default'
2015-07-17 22:25:02.872  INFO 1182 --- [Thread-1] org.hibernate.tool.hbm2ddl.SchemaExport  : HHH000227: Running hbm2ddl schema export
2015-07-17 22:25:02.887  INFO 1182 --- [Thread-1] org.hibernate.tool.hbm2ddl.SchemaExport  : HHH000230: Schema export complete
